{"/home/david/Documents/WA Project/waproject-base-api/src/modules/admin/services/auth.ts": {"path":"/home/david/Documents/WA Project/waproject-base-api/src/modules/admin/services/auth.ts","statementMap":{"0":{"start":{"line":1,"column":0},"end":{"line":1,"column":84}},"1":{"start":{"line":4,"column":0},"end":{"line":4,"column":66}},"2":{"start":{"line":5,"column":0},"end":{"line":5,"column":67}},"3":{"start":{"line":6,"column":0},"end":{"line":6,"column":74}},"4":{"start":{"line":7,"column":0},"end":{"line":7,"column":57}},"5":{"start":{"line":10,"column":0},"end":{"line":10,"column":54}},"6":{"start":{"line":13,"column":0},"end":{"line":62,"column":null}},"7":{"start":{"line":15,"column":12},"end":{"line":15,"column":26}},"8":{"start":{"line":16,"column":12},"end":{"line":16,"column":25}},"9":{"start":{"line":17,"column":12},"end":{"line":17,"column":24}},"10":{"start":{"line":18,"column":12},"end":{"line":18,"column":28}},"11":{"start":{"line":19,"column":12},"end":{"line":19,"column":29}},"12":{"start":{"line":23,"column":17},"end":{"line":23,"column":61}},"13":{"start":{"line":24,"column":4},"end":{"line":24,"column":45}},"14":{"start":{"line":24,"column":15},"end":{"line":24,"column":45}},"15":{"start":{"line":26,"column":20},"end":{"line":26,"column":79}},"16":{"start":{"line":27,"column":4},"end":{"line":27,"column":50}},"17":{"start":{"line":27,"column":18},"end":{"line":27,"column":50}},"18":{"start":{"line":29,"column":4},"end":{"line":29,"column":55}},"19":{"start":{"line":33,"column":17},"end":{"line":33,"column":65}},"20":{"start":{"line":35,"column":20},"end":{"line":35,"column":82}},"21":{"start":{"line":36,"column":4},"end":{"line":36,"column":50}},"22":{"start":{"line":36,"column":18},"end":{"line":36,"column":50}},"23":{"start":{"line":38,"column":4},"end":{"line":38,"column":65}},"24":{"start":{"line":39,"column":4},"end":{"line":39,"column":44}},"25":{"start":{"line":43,"column":17},"end":{"line":43,"column":61}},"26":{"start":{"line":44,"column":4},"end":{"line":44,"column":45}},"27":{"start":{"line":44,"column":15},"end":{"line":44,"column":45}},"28":{"start":{"line":46,"column":18},"end":{"line":46,"column":61}},"29":{"start":{"line":47,"column":4},"end":{"line":50,"column":7}},"30":{"start":{"line":54,"column":17},"end":{"line":54,"column":102}},"31":{"start":{"line":55,"column":17},"end":{"line":55,"column":60}},"32":{"start":{"line":57,"column":4},"end":{"line":57,"column":45}},"33":{"start":{"line":57,"column":15},"end":{"line":57,"column":45}},"34":{"start":{"line":58,"column":4},"end":{"line":58,"column":65}},"35":{"start":{"line":60,"column":4},"end":{"line":60,"column":44}},"36":{"start":{"line":13,"column":13},"end":{"line":62,"column":null}},"37":{"start":{"line":13,"column":13},"end":{"line":13,"column":24}}},"fnMap":{"0":{"name":"(anonymous_0)","decl":{"start":{"line":14,"column":2},"end":{"line":14,"column":null}},"loc":{"start":{"line":19,"column":44},"end":{"line":20,"column":6}}},"1":{"name":"(anonymous_1)","decl":{"start":{"line":22,"column":9},"end":{"line":22,"column":14}},"loc":{"start":{"line":22,"column":52},"end":{"line":30,"column":3}}},"2":{"name":"(anonymous_2)","decl":{"start":{"line":32,"column":9},"end":{"line":32,"column":14}},"loc":{"start":{"line":32,"column":95},"end":{"line":40,"column":3}}},"3":{"name":"(anonymous_3)","decl":{"start":{"line":42,"column":9},"end":{"line":42,"column":14}},"loc":{"start":{"line":42,"column":46},"end":{"line":51,"column":3}}},"4":{"name":"(anonymous_4)","decl":{"start":{"line":53,"column":9},"end":{"line":53,"column":14}},"loc":{"start":{"line":53,"column":63},"end":{"line":61,"column":3}}}},"branchMap":{"0":{"loc":{"start":{"line":24,"column":4},"end":{"line":24,"column":45}},"type":"if","locations":[{"start":{"line":24,"column":4},"end":{"line":24,"column":45}},{"start":{"line":24,"column":4},"end":{"line":24,"column":45}}]},"1":{"loc":{"start":{"line":27,"column":4},"end":{"line":27,"column":50}},"type":"if","locations":[{"start":{"line":27,"column":4},"end":{"line":27,"column":50}},{"start":{"line":27,"column":4},"end":{"line":27,"column":50}}]},"2":{"loc":{"start":{"line":36,"column":4},"end":{"line":36,"column":50}},"type":"if","locations":[{"start":{"line":36,"column":4},"end":{"line":36,"column":50}},{"start":{"line":36,"column":4},"end":{"line":36,"column":50}}]},"3":{"loc":{"start":{"line":44,"column":4},"end":{"line":44,"column":45}},"type":"if","locations":[{"start":{"line":44,"column":4},"end":{"line":44,"column":45}},{"start":{"line":44,"column":4},"end":{"line":44,"column":45}}]},"4":{"loc":{"start":{"line":57,"column":4},"end":{"line":57,"column":45}},"type":"if","locations":[{"start":{"line":57,"column":4},"end":{"line":57,"column":45}},{"start":{"line":57,"column":4},"end":{"line":57,"column":45}}]}},"s":{"0":1,"1":1,"2":1,"3":1,"4":1,"5":1,"6":1,"7":9,"8":9,"9":9,"10":9,"11":9,"12":3,"13":3,"14":1,"15":2,"16":2,"17":1,"18":1,"19":2,"20":2,"21":2,"22":1,"23":1,"24":1,"25":2,"26":2,"27":1,"28":1,"29":1,"30":2,"31":2,"32":2,"33":1,"34":1,"35":1,"36":1,"37":1},"f":{"0":9,"1":3,"2":2,"3":2,"4":2},"b":{"0":[1,2],"1":[1,1],"2":[1,1],"3":[1,1],"4":[1,1]}}
,"/home/david/Documents/WA Project/waproject-base-api/src/modules/admin/services/user.ts": {"path":"/home/david/Documents/WA Project/waproject-base-api/src/modules/admin/services/user.ts","statementMap":{"0":{"start":{"line":1,"column":0},"end":{"line":1,"column":103}},"1":{"start":{"line":3,"column":0},"end":{"line":3,"column":59}},"2":{"start":{"line":4,"column":0},"end":{"line":4,"column":67}},"3":{"start":{"line":5,"column":0},"end":{"line":5,"column":83}},"4":{"start":{"line":8,"column":0},"end":{"line":8,"column":54}},"5":{"start":{"line":11,"column":0},"end":{"line":77,"column":null}},"6":{"start":{"line":13,"column":12},"end":{"line":13,"column":28}},"7":{"start":{"line":14,"column":12},"end":{"line":14,"column":29}},"8":{"start":{"line":15,"column":12},"end":{"line":15,"column":25}},"9":{"start":{"line":19,"column":4},"end":{"line":21,"column":null}},"10":{"start":{"line":20,"column":6},"end":{"line":20,"column":54}},"11":{"start":{"line":23,"column":4},"end":{"line":25,"column":null}},"12":{"start":{"line":24,"column":6},"end":{"line":24,"column":70}},"13":{"start":{"line":27,"column":4},"end":{"line":29,"column":null}},"14":{"start":{"line":27,"column":32},"end":{"line":27,"column":61}},"15":{"start":{"line":28,"column":6},"end":{"line":28,"column":53}},"16":{"start":{"line":31,"column":4},"end":{"line":31,"column":44}},"17":{"start":{"line":31,"column":18},"end":{"line":31,"column":44}},"18":{"start":{"line":32,"column":4},"end":{"line":32,"column":30}},"19":{"start":{"line":36,"column":17},"end":{"line":36,"column":59}},"20":{"start":{"line":38,"column":4},"end":{"line":40,"column":null}},"21":{"start":{"line":39,"column":6},"end":{"line":39,"column":47}},"22":{"start":{"line":42,"column":4},"end":{"line":44,"column":null}},"23":{"start":{"line":43,"column":6},"end":{"line":43,"column":71}},"24":{"start":{"line":46,"column":4},"end":{"line":48,"column":null}},"25":{"start":{"line":47,"column":6},"end":{"line":47,"column":67}},"26":{"start":{"line":50,"column":4},"end":{"line":50,"column":46}},"27":{"start":{"line":54,"column":29},"end":{"line":54,"column":84}},"28":{"start":{"line":55,"column":4},"end":{"line":55,"column":76}},"29":{"start":{"line":55,"column":27},"end":{"line":55,"column":76}},"30":{"start":{"line":57,"column":31},"end":{"line":57,"column":76}},"31":{"start":{"line":58,"column":4},"end":{"line":58,"column":26}},"32":{"start":{"line":60,"column":17},"end":{"line":60,"column":56}},"33":{"start":{"line":61,"column":4},"end":{"line":61,"column":96}},"34":{"start":{"line":63,"column":4},"end":{"line":63,"column":16}},"35":{"start":{"line":67,"column":29},"end":{"line":67,"column":94}},"36":{"start":{"line":68,"column":4},"end":{"line":68,"column":76}},"37":{"start":{"line":68,"column":27},"end":{"line":68,"column":76}},"38":{"start":{"line":70,"column":17},"end":{"line":70,"column":61}},"39":{"start":{"line":72,"column":4},"end":{"line":72,"column":56}},"40":{"start":{"line":72,"column":15},"end":{"line":72,"column":56}},"41":{"start":{"line":73,"column":4},"end":{"line":73,"column":91}},"42":{"start":{"line":73,"column":27},"end":{"line":73,"column":91}},"43":{"start":{"line":75,"column":4},"end":{"line":75,"column":61}},"44":{"start":{"line":11,"column":13},"end":{"line":77,"column":null}},"45":{"start":{"line":11,"column":13},"end":{"line":11,"column":24}}},"fnMap":{"0":{"name":"(anonymous_0)","decl":{"start":{"line":12,"column":2},"end":{"line":12,"column":null}},"loc":{"start":{"line":15,"column":36},"end":{"line":16,"column":6}}},"1":{"name":"(anonymous_1)","decl":{"start":{"line":18,"column":9},"end":{"line":18,"column":14}},"loc":{"start":{"line":18,"column":32},"end":{"line":33,"column":3}}},"2":{"name":"(anonymous_2)","decl":{"start":{"line":27,"column":27},"end":{"line":27,"column":28}},"loc":{"start":{"line":27,"column":32},"end":{"line":27,"column":61}}},"3":{"name":"(anonymous_3)","decl":{"start":{"line":35,"column":9},"end":{"line":35,"column":14}},"loc":{"start":{"line":35,"column":63},"end":{"line":51,"column":3}}},"4":{"name":"(anonymous_4)","decl":{"start":{"line":53,"column":10},"end":{"line":53,"column":15}},"loc":{"start":{"line":53,"column":35},"end":{"line":64,"column":3}}},"5":{"name":"(anonymous_5)","decl":{"start":{"line":66,"column":10},"end":{"line":66,"column":15}},"loc":{"start":{"line":66,"column":35},"end":{"line":76,"column":3}}}},"branchMap":{"0":{"loc":{"start":{"line":19,"column":4},"end":{"line":21,"column":null}},"type":"if","locations":[{"start":{"line":19,"column":4},"end":{"line":21,"column":null}},{"start":{"line":19,"column":4},"end":{"line":21,"column":null}}]},"1":{"loc":{"start":{"line":19,"column":8},"end":{"line":19,"column":20}},"type":"binary-expr","locations":[{"start":{"line":19,"column":8},"end":{"line":19,"column":20}},{"start":{"line":19,"column":24},"end":{"line":19,"column":48}}]},"2":{"loc":{"start":{"line":23,"column":4},"end":{"line":25,"column":null}},"type":"if","locations":[{"start":{"line":23,"column":4},"end":{"line":25,"column":null}},{"start":{"line":23,"column":4},"end":{"line":25,"column":null}}]},"3":{"loc":{"start":{"line":27,"column":4},"end":{"line":29,"column":null}},"type":"if","locations":[{"start":{"line":27,"column":4},"end":{"line":29,"column":null}},{"start":{"line":27,"column":4},"end":{"line":29,"column":null}}]},"4":{"loc":{"start":{"line":31,"column":4},"end":{"line":31,"column":44}},"type":"if","locations":[{"start":{"line":31,"column":4},"end":{"line":31,"column":44}},{"start":{"line":31,"column":4},"end":{"line":31,"column":44}}]},"5":{"loc":{"start":{"line":38,"column":4},"end":{"line":40,"column":null}},"type":"if","locations":[{"start":{"line":38,"column":4},"end":{"line":40,"column":null}},{"start":{"line":38,"column":4},"end":{"line":40,"column":null}}]},"6":{"loc":{"start":{"line":42,"column":4},"end":{"line":44,"column":null}},"type":"if","locations":[{"start":{"line":42,"column":4},"end":{"line":44,"column":null}},{"start":{"line":42,"column":4},"end":{"line":44,"column":null}}]},"7":{"loc":{"start":{"line":46,"column":4},"end":{"line":48,"column":null}},"type":"if","locations":[{"start":{"line":46,"column":4},"end":{"line":48,"column":null}},{"start":{"line":46,"column":4},"end":{"line":48,"column":null}}]},"8":{"loc":{"start":{"line":55,"column":4},"end":{"line":55,"column":76}},"type":"if","locations":[{"start":{"line":55,"column":4},"end":{"line":55,"column":76}},{"start":{"line":55,"column":4},"end":{"line":55,"column":76}}]},"9":{"loc":{"start":{"line":68,"column":4},"end":{"line":68,"column":76}},"type":"if","locations":[{"start":{"line":68,"column":4},"end":{"line":68,"column":76}},{"start":{"line":68,"column":4},"end":{"line":68,"column":76}}]},"10":{"loc":{"start":{"line":72,"column":4},"end":{"line":72,"column":56}},"type":"if","locations":[{"start":{"line":72,"column":4},"end":{"line":72,"column":56}},{"start":{"line":72,"column":4},"end":{"line":72,"column":56}}]},"11":{"loc":{"start":{"line":73,"column":4},"end":{"line":73,"column":91}},"type":"if","locations":[{"start":{"line":73,"column":4},"end":{"line":73,"column":91}},{"start":{"line":73,"column":4},"end":{"line":73,"column":91}}]}},"s":{"0":1,"1":1,"2":1,"3":1,"4":1,"5":1,"6":13,"7":13,"8":13,"9":9,"10":1,"11":8,"12":1,"13":7,"14":7,"15":1,"16":6,"17":4,"18":2,"19":4,"20":4,"21":1,"22":3,"23":1,"24":2,"25":1,"26":1,"27":2,"28":2,"29":1,"30":1,"31":1,"32":1,"33":1,"34":1,"35":4,"36":4,"37":1,"38":3,"39":3,"40":1,"41":2,"42":1,"43":1,"44":1,"45":1},"f":{"0":13,"1":9,"2":7,"3":4,"4":2,"5":4},"b":{"0":[1,8],"1":[9,9],"2":[1,7],"3":[1,6],"4":[4,2],"5":[1,3],"6":[1,2],"7":[1,1],"8":[1,1],"9":[1,3],"10":[1,2],"11":[1,1]}}
,"/home/david/Documents/WA Project/waproject-base-api/src/modules/app/services/auth.ts": {"path":"/home/david/Documents/WA Project/waproject-base-api/src/modules/app/services/auth.ts","statementMap":{"0":{"start":{"line":1,"column":0},"end":{"line":1,"column":104}},"1":{"start":{"line":3,"column":0},"end":{"line":3,"column":67}},"2":{"start":{"line":4,"column":0},"end":{"line":4,"column":74}},"3":{"start":{"line":7,"column":0},"end":{"line":7,"column":27}},"4":{"start":{"line":9,"column":0},"end":{"line":9,"column":58}},"5":{"start":{"line":10,"column":0},"end":{"line":10,"column":54}},"6":{"start":{"line":14,"column":0},"end":{"line":98,"column":null}},"7":{"start":{"line":16,"column":12},"end":{"line":16,"column":26}},"8":{"start":{"line":17,"column":12},"end":{"line":17,"column":28}},"9":{"start":{"line":18,"column":12},"end":{"line":18,"column":30}},"10":{"start":{"line":19,"column":12},"end":{"line":19,"column":29}},"11":{"start":{"line":23,"column":17},"end":{"line":23,"column":67}},"12":{"start":{"line":24,"column":4},"end":{"line":24,"column":45}},"13":{"start":{"line":24,"column":15},"end":{"line":24,"column":45}},"14":{"start":{"line":26,"column":20},"end":{"line":26,"column":85}},"15":{"start":{"line":27,"column":4},"end":{"line":27,"column":50}},"16":{"start":{"line":27,"column":18},"end":{"line":27,"column":50}},"17":{"start":{"line":29,"column":18},"end":{"line":29,"column":24}},"18":{"start":{"line":31,"column":40},"end":{"line":34,"column":6}},"19":{"start":{"line":36,"column":4},"end":{"line":42,"column":7}},"20":{"start":{"line":44,"column":4},"end":{"line":44,"column":41}},"21":{"start":{"line":48,"column":19},"end":{"line":48,"column":65}},"22":{"start":{"line":50,"column":4},"end":{"line":50,"column":65}},"23":{"start":{"line":50,"column":17},"end":{"line":50,"column":65}},"24":{"start":{"line":51,"column":4},"end":{"line":51,"column":88}},"25":{"start":{"line":51,"column":42},"end":{"line":51,"column":88}},"26":{"start":{"line":53,"column":4},"end":{"line":53,"column":49}},"27":{"start":{"line":57,"column":22},"end":{"line":57,"column":92}},"28":{"start":{"line":58,"column":4},"end":{"line":58,"column":89}},"29":{"start":{"line":58,"column":41},"end":{"line":58,"column":89}},"30":{"start":{"line":60,"column":19},"end":{"line":60,"column":75}},"31":{"start":{"line":62,"column":4},"end":{"line":62,"column":65}},"32":{"start":{"line":62,"column":17},"end":{"line":62,"column":65}},"33":{"start":{"line":63,"column":4},"end":{"line":63,"column":96}},"34":{"start":{"line":63,"column":48},"end":{"line":63,"column":96}},"35":{"start":{"line":65,"column":17},"end":{"line":65,"column":69}},"36":{"start":{"line":66,"column":4},"end":{"line":66,"column":61}},"37":{"start":{"line":66,"column":15},"end":{"line":66,"column":61}},"38":{"start":{"line":68,"column":4},"end":{"line":68,"column":61}},"39":{"start":{"line":72,"column":19},"end":{"line":72,"column":65}},"40":{"start":{"line":74,"column":4},"end":{"line":76,"column":null}},"41":{"start":{"line":75,"column":6},"end":{"line":75,"column":54}},"42":{"start":{"line":78,"column":4},"end":{"line":80,"column":null}},"43":{"start":{"line":79,"column":6},"end":{"line":79,"column":54}},"44":{"start":{"line":82,"column":4},"end":{"line":84,"column":null}},"45":{"start":{"line":83,"column":6},"end":{"line":83,"column":52}},"46":{"start":{"line":86,"column":4},"end":{"line":86,"column":67}},"47":{"start":{"line":90,"column":19},"end":{"line":90,"column":65}},"48":{"start":{"line":92,"column":4},"end":{"line":94,"column":null}},"49":{"start":{"line":93,"column":6},"end":{"line":93,"column":67}},"50":{"start":{"line":96,"column":4},"end":{"line":96,"column":47}},"51":{"start":{"line":14,"column":13},"end":{"line":98,"column":null}},"52":{"start":{"line":14,"column":13},"end":{"line":14,"column":24}}},"fnMap":{"0":{"name":"(anonymous_0)","decl":{"start":{"line":15,"column":2},"end":{"line":15,"column":null}},"loc":{"start":{"line":19,"column":44},"end":{"line":20,"column":6}}},"1":{"name":"(anonymous_1)","decl":{"start":{"line":22,"column":9},"end":{"line":22,"column":14}},"loc":{"start":{"line":22,"column":42},"end":{"line":45,"column":3}}},"2":{"name":"(anonymous_2)","decl":{"start":{"line":47,"column":9},"end":{"line":47,"column":14}},"loc":{"start":{"line":47,"column":65},"end":{"line":54,"column":3}}},"3":{"name":"(anonymous_3)","decl":{"start":{"line":56,"column":9},"end":{"line":56,"column":14}},"loc":{"start":{"line":56,"column":66},"end":{"line":69,"column":3}}},"4":{"name":"(anonymous_4)","decl":{"start":{"line":71,"column":9},"end":{"line":71,"column":14}},"loc":{"start":{"line":71,"column":88},"end":{"line":87,"column":3}}},"5":{"name":"(anonymous_5)","decl":{"start":{"line":89,"column":10},"end":{"line":89,"column":15}},"loc":{"start":{"line":89,"column":41},"end":{"line":97,"column":3}}}},"branchMap":{"0":{"loc":{"start":{"line":24,"column":4},"end":{"line":24,"column":45}},"type":"if","locations":[{"start":{"line":24,"column":4},"end":{"line":24,"column":45}},{"start":{"line":24,"column":4},"end":{"line":24,"column":45}}]},"1":{"loc":{"start":{"line":27,"column":4},"end":{"line":27,"column":50}},"type":"if","locations":[{"start":{"line":27,"column":4},"end":{"line":27,"column":50}},{"start":{"line":27,"column":4},"end":{"line":27,"column":50}}]},"2":{"loc":{"start":{"line":50,"column":4},"end":{"line":50,"column":65}},"type":"if","locations":[{"start":{"line":50,"column":4},"end":{"line":50,"column":65}},{"start":{"line":50,"column":4},"end":{"line":50,"column":65}}]},"3":{"loc":{"start":{"line":51,"column":4},"end":{"line":51,"column":88}},"type":"if","locations":[{"start":{"line":51,"column":4},"end":{"line":51,"column":88}},{"start":{"line":51,"column":4},"end":{"line":51,"column":88}}]},"4":{"loc":{"start":{"line":58,"column":4},"end":{"line":58,"column":89}},"type":"if","locations":[{"start":{"line":58,"column":4},"end":{"line":58,"column":89}},{"start":{"line":58,"column":4},"end":{"line":58,"column":89}}]},"5":{"loc":{"start":{"line":62,"column":4},"end":{"line":62,"column":65}},"type":"if","locations":[{"start":{"line":62,"column":4},"end":{"line":62,"column":65}},{"start":{"line":62,"column":4},"end":{"line":62,"column":65}}]},"6":{"loc":{"start":{"line":63,"column":4},"end":{"line":63,"column":96}},"type":"if","locations":[{"start":{"line":63,"column":4},"end":{"line":63,"column":96}},{"start":{"line":63,"column":4},"end":{"line":63,"column":96}}]},"7":{"loc":{"start":{"line":66,"column":4},"end":{"line":66,"column":61}},"type":"if","locations":[{"start":{"line":66,"column":4},"end":{"line":66,"column":61}},{"start":{"line":66,"column":4},"end":{"line":66,"column":61}}]},"8":{"loc":{"start":{"line":74,"column":4},"end":{"line":76,"column":null}},"type":"if","locations":[{"start":{"line":74,"column":4},"end":{"line":76,"column":null}},{"start":{"line":74,"column":4},"end":{"line":76,"column":null}}]},"9":{"loc":{"start":{"line":78,"column":4},"end":{"line":80,"column":null}},"type":"if","locations":[{"start":{"line":78,"column":4},"end":{"line":80,"column":null}},{"start":{"line":78,"column":4},"end":{"line":80,"column":null}}]},"10":{"loc":{"start":{"line":78,"column":8},"end":{"line":78,"column":14}},"type":"binary-expr","locations":[{"start":{"line":78,"column":8},"end":{"line":78,"column":14}},{"start":{"line":78,"column":18},"end":{"line":78,"column":42}}]},"11":{"loc":{"start":{"line":82,"column":4},"end":{"line":84,"column":null}},"type":"if","locations":[{"start":{"line":82,"column":4},"end":{"line":84,"column":null}},{"start":{"line":82,"column":4},"end":{"line":84,"column":null}}]},"12":{"loc":{"start":{"line":82,"column":8},"end":{"line":82,"column":15}},"type":"binary-expr","locations":[{"start":{"line":82,"column":8},"end":{"line":82,"column":15}},{"start":{"line":82,"column":19},"end":{"line":82,"column":25}}]},"13":{"loc":{"start":{"line":92,"column":4},"end":{"line":94,"column":null}},"type":"if","locations":[{"start":{"line":92,"column":4},"end":{"line":94,"column":null}},{"start":{"line":92,"column":4},"end":{"line":94,"column":null}}]}},"s":{"0":1,"1":1,"2":1,"3":1,"4":1,"5":1,"6":1,"7":7,"8":7,"9":7,"10":7,"11":4,"12":4,"13":1,"14":3,"15":3,"16":1,"17":2,"18":2,"19":2,"20":2,"21":3,"22":3,"23":1,"24":2,"25":1,"26":1,"27":0,"28":0,"29":0,"30":0,"31":0,"32":0,"33":0,"34":0,"35":0,"36":0,"37":0,"38":0,"39":0,"40":0,"41":0,"42":0,"43":0,"44":0,"45":0,"46":0,"47":2,"48":2,"49":1,"50":1,"51":1,"52":1},"f":{"0":7,"1":4,"2":3,"3":0,"4":0,"5":2},"b":{"0":[1,3],"1":[1,2],"2":[1,2],"3":[1,1],"4":[0,0],"5":[0,0],"6":[0,0],"7":[0,0],"8":[0,0],"9":[0,0],"10":[0,0],"11":[0,0],"12":[0,0],"13":[1,1]}}
,"/home/david/Documents/WA Project/waproject-base-api/src/modules/app/services/order.ts": {"path":"/home/david/Documents/WA Project/waproject-base-api/src/modules/app/services/order.ts","statementMap":{"0":{"start":{"line":1,"column":0},"end":{"line":1,"column":44}},"1":{"start":{"line":6,"column":0},"end":{"line":6,"column":56}},"2":{"start":{"line":7,"column":0},"end":{"line":7,"column":64}},"3":{"start":{"line":8,"column":0},"end":{"line":8,"column":60}},"4":{"start":{"line":12,"column":0},"end":{"line":95,"column":null}},"5":{"start":{"line":15,"column":21},"end":{"line":15,"column":38}},"6":{"start":{"line":16,"column":21},"end":{"line":16,"column":40}},"7":{"start":{"line":17,"column":21},"end":{"line":17,"column":42}},"8":{"start":{"line":23,"column":34},"end":{"line":23,"column":73}},"9":{"start":{"line":23,"column":58},"end":{"line":23,"column":72}},"10":{"start":{"line":24,"column":32},"end":{"line":24,"column":83}},"11":{"start":{"line":27,"column":4},"end":{"line":33,"column":null}},"12":{"start":{"line":28,"column":26},"end":{"line":28,"column":68}},"13":{"start":{"line":29,"column":31},"end":{"line":31,"column":73}},"14":{"start":{"line":30,"column":24},"end":{"line":30,"column":60}},"15":{"start":{"line":31,"column":21},"end":{"line":31,"column":72}},"16":{"start":{"line":32,"column":6},"end":{"line":32,"column":74}},"17":{"start":{"line":36,"column":39},"end":{"line":36,"column":77}},"18":{"start":{"line":37,"column":4},"end":{"line":44,"column":null}},"19":{"start":{"line":38,"column":28},"end":{"line":40,"column":50}},"20":{"start":{"line":39,"column":24},"end":{"line":39,"column":36}},"21":{"start":{"line":40,"column":32},"end":{"line":40,"column":49}},"22":{"start":{"line":41,"column":35},"end":{"line":42,"column":23}},"23":{"start":{"line":43,"column":6},"end":{"line":43,"column":36}},"24":{"start":{"line":47,"column":33},"end":{"line":47,"column":80}},"25":{"start":{"line":48,"column":4},"end":{"line":48,"column":84}},"26":{"start":{"line":48,"column":44},"end":{"line":48,"column":82}},"27":{"start":{"line":51,"column":4},"end":{"line":51,"column":34}},"28":{"start":{"line":54,"column":4},"end":{"line":54,"column":63}},"29":{"start":{"line":57,"column":21},"end":{"line":57,"column":61}},"30":{"start":{"line":60,"column":4},"end":{"line":63,"column":7}},"31":{"start":{"line":61,"column":6},"end":{"line":61,"column":null}},"32":{"start":{"line":62,"column":6},"end":{"line":62,"column":55}},"33":{"start":{"line":65,"column":4},"end":{"line":65,"column":20}},"34":{"start":{"line":69,"column":23},"end":{"line":69,"column":63}},"35":{"start":{"line":69,"column":52},"end":{"line":69,"column":62}},"36":{"start":{"line":70,"column":26},"end":{"line":70,"column":75}},"37":{"start":{"line":70,"column":52},"end":{"line":70,"column":74}},"38":{"start":{"line":71,"column":6},"end":{"line":71,"column":25}},"39":{"start":{"line":75,"column":36},"end":{"line":75,"column":68}},"40":{"start":{"line":75,"column":54},"end":{"line":75,"column":67}},"41":{"start":{"line":76,"column":4},"end":{"line":76,"column":93}},"42":{"start":{"line":76,"column":47},"end":{"line":76,"column":91}},"43":{"start":{"line":80,"column":4},"end":{"line":84,"column":7}},"44":{"start":{"line":81,"column":23},"end":{"line":81,"column":68}},"45":{"start":{"line":82,"column":6},"end":{"line":82,"column":39}},"46":{"start":{"line":83,"column":6},"end":{"line":83,"column":21}},"47":{"start":{"line":88,"column":4},"end":{"line":93,"column":7}},"48":{"start":{"line":89,"column":6},"end":{"line":91,"column":null}},"49":{"start":{"line":90,"column":8},"end":{"line":90,"column":48}},"50":{"start":{"line":92,"column":6},"end":{"line":92,"column":18}},"51":{"start":{"line":12,"column":13},"end":{"line":95,"column":null}},"52":{"start":{"line":12,"column":13},"end":{"line":12,"column":25}}},"fnMap":{"0":{"name":"(anonymous_0)","decl":{"start":{"line":14,"column":2},"end":{"line":14,"column":null}},"loc":{"start":{"line":17,"column":61},"end":{"line":18,"column":6}}},"1":{"name":"(anonymous_1)","decl":{"start":{"line":20,"column":9},"end":{"line":20,"column":14}},"loc":{"start":{"line":20,"column":75},"end":{"line":66,"column":3}}},"2":{"name":"(anonymous_2)","decl":{"start":{"line":23,"column":50},"end":{"line":23,"column":54}},"loc":{"start":{"line":23,"column":58},"end":{"line":23,"column":72}}},"3":{"name":"(anonymous_3)","decl":{"start":{"line":30,"column":16},"end":{"line":30,"column":20}},"loc":{"start":{"line":30,"column":24},"end":{"line":30,"column":60}}},"4":{"name":"(anonymous_4)","decl":{"start":{"line":31,"column":13},"end":{"line":31,"column":17}},"loc":{"start":{"line":31,"column":21},"end":{"line":31,"column":72}}},"5":{"name":"(anonymous_5)","decl":{"start":{"line":39,"column":13},"end":{"line":39,"column":20}},"loc":{"start":{"line":39,"column":24},"end":{"line":39,"column":36}}},"6":{"name":"(anonymous_6)","decl":{"start":{"line":40,"column":16},"end":{"line":40,"column":17}},"loc":{"start":{"line":40,"column":32},"end":{"line":40,"column":49}}},"7":{"name":"(anonymous_7)","decl":{"start":{"line":48,"column":33},"end":{"line":48,"column":40}},"loc":{"start":{"line":48,"column":44},"end":{"line":48,"column":82}}},"8":{"name":"(anonymous_8)","decl":{"start":{"line":60,"column":24},"end":{"line":60,"column":29}},"loc":{"start":{"line":60,"column":42},"end":{"line":63,"column":5}}},"9":{"name":"(anonymous_9)","decl":{"start":{"line":68,"column":10},"end":{"line":68,"column":24}},"loc":{"start":{"line":68,"column":73},"end":{"line":72,"column":3}}},"10":{"name":"(anonymous_10)","decl":{"start":{"line":69,"column":41},"end":{"line":69,"column":48}},"loc":{"start":{"line":69,"column":52},"end":{"line":69,"column":62}}},"11":{"name":"(anonymous_11)","decl":{"start":{"line":70,"column":46},"end":{"line":70,"column":48}},"loc":{"start":{"line":70,"column":52},"end":{"line":70,"column":74}}},"12":{"name":"(anonymous_12)","decl":{"start":{"line":74,"column":10},"end":{"line":74,"column":20}},"loc":{"start":{"line":74,"column":61},"end":{"line":77,"column":3}}},"13":{"name":"(anonymous_13)","decl":{"start":{"line":75,"column":46},"end":{"line":75,"column":50}},"loc":{"start":{"line":75,"column":54},"end":{"line":75,"column":67}}},"14":{"name":"(anonymous_14)","decl":{"start":{"line":76,"column":27},"end":{"line":76,"column":28}},"loc":{"start":{"line":76,"column":47},"end":{"line":76,"column":91}}},"15":{"name":"(anonymous_15)","decl":{"start":{"line":79,"column":10},"end":{"line":79,"column":29}},"loc":{"start":{"line":79,"column":70},"end":{"line":85,"column":3}}},"16":{"name":"(anonymous_16)","decl":{"start":{"line":80,"column":24},"end":{"line":80,"column":25}},"loc":{"start":{"line":80,"column":43},"end":{"line":84,"column":5}}},"17":{"name":"(anonymous_17)","decl":{"start":{"line":87,"column":10},"end":{"line":87,"column":26}},"loc":{"start":{"line":87,"column":67},"end":{"line":94,"column":3}}},"18":{"name":"(anonymous_18)","decl":{"start":{"line":88,"column":21},"end":{"line":88,"column":22}},"loc":{"start":{"line":88,"column":37},"end":{"line":93,"column":5}}}},"branchMap":{"0":{"loc":{"start":{"line":27,"column":4},"end":{"line":33,"column":null}},"type":"if","locations":[{"start":{"line":27,"column":4},"end":{"line":33,"column":null}},{"start":{"line":27,"column":4},"end":{"line":33,"column":null}}]},"1":{"loc":{"start":{"line":31,"column":21},"end":{"line":31,"column":33}},"type":"binary-expr","locations":[{"start":{"line":31,"column":21},"end":{"line":31,"column":33}},{"start":{"line":31,"column":37},"end":{"line":31,"column":54}},{"start":{"line":31,"column":58},"end":{"line":31,"column":72}}]},"2":{"loc":{"start":{"line":37,"column":4},"end":{"line":44,"column":null}},"type":"if","locations":[{"start":{"line":37,"column":4},"end":{"line":44,"column":null}},{"start":{"line":37,"column":4},"end":{"line":44,"column":null}}]},"3":{"loc":{"start":{"line":89,"column":6},"end":{"line":91,"column":null}},"type":"if","locations":[{"start":{"line":89,"column":6},"end":{"line":91,"column":null}},{"start":{"line":89,"column":6},"end":{"line":91,"column":null}}]}},"s":{"0":1,"1":1,"2":1,"3":1,"4":1,"5":3,"6":3,"7":3,"8":3,"9":3,"10":3,"11":3,"12":1,"13":1,"14":1,"15":1,"16":1,"17":2,"18":2,"19":1,"20":1,"21":0,"22":1,"23":1,"24":1,"25":1,"26":1,"27":1,"28":1,"29":1,"30":1,"31":1,"32":1,"33":1,"34":1,"35":0,"36":1,"37":1,"38":1,"39":2,"40":2,"41":2,"42":2,"43":1,"44":1,"45":1,"46":1,"47":1,"48":1,"49":1,"50":1,"51":1,"52":1},"f":{"0":3,"1":3,"2":3,"3":1,"4":1,"5":1,"6":0,"7":1,"8":1,"9":1,"10":0,"11":1,"12":2,"13":2,"14":2,"15":1,"16":1,"17":1,"18":1},"b":{"0":[1,2],"1":[1,0,1],"2":[1,1],"3":[1,0]}}
,"/home/david/Documents/WA Project/waproject-base-api/src/modules/app/services/user.ts": {"path":"/home/david/Documents/WA Project/waproject-base-api/src/modules/app/services/user.ts","statementMap":{"0":{"start":{"line":1,"column":0},"end":{"line":1,"column":63}},"1":{"start":{"line":6,"column":0},"end":{"line":6,"column":54}},"2":{"start":{"line":9,"column":0},"end":{"line":24,"column":null}},"3":{"start":{"line":10,"column":22},"end":{"line":10,"column":38}},"4":{"start":{"line":13,"column":4},"end":{"line":13,"column":20}},"5":{"start":{"line":15,"column":17},"end":{"line":15,"column":67}},"6":{"start":{"line":17,"column":4},"end":{"line":20,"column":null}},"7":{"start":{"line":18,"column":31},"end":{"line":18,"column":86}},"8":{"start":{"line":19,"column":6},"end":{"line":19,"column":78}},"9":{"start":{"line":19,"column":29},"end":{"line":19,"column":78}},"10":{"start":{"line":22,"column":4},"end":{"line":22,"column":61}},"11":{"start":{"line":9,"column":13},"end":{"line":24,"column":null}},"12":{"start":{"line":9,"column":13},"end":{"line":9,"column":24}}},"fnMap":{"0":{"name":"(anonymous_0)","decl":{"start":{"line":10,"column":2},"end":{"line":10,"column":22}},"loc":{"start":{"line":10,"column":52},"end":{"line":10,"column":56}}},"1":{"name":"(anonymous_1)","decl":{"start":{"line":12,"column":9},"end":{"line":12,"column":14}},"loc":{"start":{"line":12,"column":61},"end":{"line":23,"column":3}}}},"branchMap":{"0":{"loc":{"start":{"line":17,"column":4},"end":{"line":20,"column":null}},"type":"if","locations":[{"start":{"line":17,"column":4},"end":{"line":20,"column":null}},{"start":{"line":17,"column":4},"end":{"line":20,"column":null}}]},"1":{"loc":{"start":{"line":19,"column":6},"end":{"line":19,"column":78}},"type":"if","locations":[{"start":{"line":19,"column":6},"end":{"line":19,"column":78}},{"start":{"line":19,"column":6},"end":{"line":19,"column":78}}]}},"s":{"0":0,"1":0,"2":0,"3":0,"4":0,"5":0,"6":0,"7":0,"8":0,"9":0,"10":0,"11":0,"12":0},"f":{"0":0,"1":0},"b":{"0":[0,0],"1":[0,0]}}
,"/home/david/Documents/WA Project/waproject-base-api/src/modules/common/services/password.ts": {"path":"/home/david/Documents/WA Project/waproject-base-api/src/modules/common/services/password.ts","statementMap":{"0":{"start":{"line":1,"column":0},"end":{"line":1,"column":44}},"1":{"start":{"line":2,"column":0},"end":{"line":2,"column":30}},"2":{"start":{"line":3,"column":0},"end":{"line":3,"column":50}},"3":{"start":{"line":4,"column":0},"end":{"line":4,"column":46}},"4":{"start":{"line":7,"column":0},"end":{"line":23,"column":null}},"5":{"start":{"line":9,"column":17},"end":{"line":9,"column":57}},"6":{"start":{"line":10,"column":4},"end":{"line":10,"column":39}},"7":{"start":{"line":14,"column":4},"end":{"line":14,"column":42}},"8":{"start":{"line":18,"column":21},"end":{"line":18,"column":40}},"9":{"start":{"line":19,"column":17},"end":{"line":19,"column":42}},"10":{"start":{"line":21,"column":4},"end":{"line":21,"column":30}},"11":{"start":{"line":7,"column":13},"end":{"line":23,"column":null}},"12":{"start":{"line":7,"column":13},"end":{"line":7,"column":28}}},"fnMap":{"0":{"name":"(anonymous_0)","decl":{"start":{"line":8,"column":9},"end":{"line":8,"column":14}},"loc":{"start":{"line":8,"column":36},"end":{"line":11,"column":3}}},"1":{"name":"(anonymous_1)","decl":{"start":{"line":13,"column":9},"end":{"line":13,"column":14}},"loc":{"start":{"line":13,"column":53},"end":{"line":15,"column":3}}},"2":{"name":"(anonymous_2)","decl":{"start":{"line":17,"column":9},"end":{"line":17,"column":14}},"loc":{"start":{"line":17,"column":31},"end":{"line":22,"column":3}}}},"branchMap":{},"s":{"0":4,"1":4,"2":4,"3":4,"4":4,"5":3,"6":3,"7":4,"8":1,"9":1,"10":1,"11":4,"12":4},"f":{"0":3,"1":4,"2":1},"b":{}}
,"/home/david/Documents/WA Project/waproject-base-api/src/modules/common/services/token.ts": {"path":"/home/david/Documents/WA Project/waproject-base-api/src/modules/common/services/token.ts","statementMap":{"0":{"start":{"line":1,"column":0},"end":{"line":1,"column":65}},"1":{"start":{"line":2,"column":0},"end":{"line":2,"column":36}},"2":{"start":{"line":3,"column":0},"end":{"line":3,"column":41}},"3":{"start":{"line":5,"column":0},"end":{"line":5,"column":32}},"4":{"start":{"line":11,"column":0},"end":{"line":11,"column":null}},"5":{"start":{"line":12,"column":2},"end":{"line":12,"column":null}},"6":{"start":{"line":13,"column":2},"end":{"line":13,"column":null}},"7":{"start":{"line":14,"column":2},"end":{"line":14,"column":null}},"8":{"start":{"line":18,"column":0},"end":{"line":94,"column":null}},"9":{"start":{"line":20,"column":36},"end":{"line":26,"column":6}},"10":{"start":{"line":28,"column":4},"end":{"line":28,"column":111}},"11":{"start":{"line":32,"column":37},"end":{"line":32,"column":63}},"12":{"start":{"line":33,"column":4},"end":{"line":33,"column":58}},"13":{"start":{"line":37,"column":4},"end":{"line":37,"column":37}},"14":{"start":{"line":38,"column":4},"end":{"line":38,"column":71}},"15":{"start":{"line":42,"column":43},"end":{"line":46,"column":6}},"16":{"start":{"line":48,"column":4},"end":{"line":48,"column":86}},"17":{"start":{"line":55,"column":4},"end":{"line":63,"column":7}},"18":{"start":{"line":56,"column":6},"end":{"line":62,"column":9}},"19":{"start":{"line":57,"column":8},"end":{"line":59,"column":null}},"20":{"start":{"line":58,"column":10},"end":{"line":58,"column":54}},"21":{"start":{"line":61,"column":8},"end":{"line":61,"column":25}},"22":{"start":{"line":67,"column":4},"end":{"line":75,"column":7}},"23":{"start":{"line":68,"column":12},"end":{"line":68,"column":35}},"24":{"start":{"line":70,"column":6},"end":{"line":72,"column":null}},"25":{"start":{"line":71,"column":14},"end":{"line":71,"column":63}},"26":{"start":{"line":74,"column":6},"end":{"line":74,"column":48}},"27":{"start":{"line":79,"column":4},"end":{"line":79,"column":56}},"28":{"start":{"line":83,"column":4},"end":{"line":85,"column":null}},"29":{"start":{"line":84,"column":6},"end":{"line":84,"column":61}},"30":{"start":{"line":87,"column":4},"end":{"line":92,"column":null}},"31":{"start":{"line":89,"column":8},"end":{"line":89,"column":56}},"32":{"start":{"line":91,"column":8},"end":{"line":91,"column":56}},"33":{"start":{"line":18,"column":13},"end":{"line":94,"column":null}},"34":{"start":{"line":18,"column":13},"end":{"line":18,"column":25}}},"fnMap":{"0":{"name":"(anonymous_0)","decl":{"start":{"line":11,"column":0},"end":{"line":11,"column":12}},"loc":{"start":{"line":11,"column":23},"end":{"line":15,"column":1}}},"1":{"name":"(anonymous_1)","decl":{"start":{"line":19,"column":9},"end":{"line":19,"column":14}},"loc":{"start":{"line":19,"column":89},"end":{"line":29,"column":3}}},"2":{"name":"(anonymous_2)","decl":{"start":{"line":31,"column":9},"end":{"line":31,"column":14}},"loc":{"start":{"line":31,"column":82},"end":{"line":34,"column":3}}},"3":{"name":"(anonymous_3)","decl":{"start":{"line":36,"column":9},"end":{"line":36,"column":14}},"loc":{"start":{"line":36,"column":55},"end":{"line":39,"column":3}}},"4":{"name":"(anonymous_4)","decl":{"start":{"line":41,"column":9},"end":{"line":41,"column":14}},"loc":{"start":{"line":41,"column":40},"end":{"line":49,"column":3}}},"5":{"name":"(anonymous_5)","decl":{"start":{"line":54,"column":9},"end":{"line":54,"column":14}},"loc":{"start":{"line":54,"column":57},"end":{"line":64,"column":3}}},"6":{"name":"(anonymous_6)","decl":{"start":{"line":55,"column":26},"end":{"line":55,"column":27}},"loc":{"start":{"line":55,"column":46},"end":{"line":63,"column":5}}},"7":{"name":"(anonymous_7)","decl":{"start":{"line":56,"column":37},"end":{"line":56,"column":38}},"loc":{"start":{"line":56,"column":64},"end":{"line":62,"column":7}}},"8":{"name":"(anonymous_8)","decl":{"start":{"line":66,"column":10},"end":{"line":66,"column":15}},"loc":{"start":{"line":66,"column":81},"end":{"line":76,"column":3}}},"9":{"name":"(anonymous_9)","decl":{"start":{"line":67,"column":31},"end":{"line":67,"column":38}},"loc":{"start":{"line":67,"column":41},"end":{"line":75,"column":5}}},"10":{"name":"(anonymous_10)","decl":{"start":{"line":78,"column":10},"end":{"line":78,"column":24}},"loc":{"start":{"line":78,"column":40},"end":{"line":80,"column":3}}},"11":{"name":"(anonymous_11)","decl":{"start":{"line":82,"column":10},"end":{"line":82,"column":28}},"loc":{"start":{"line":82,"column":39},"end":{"line":93,"column":3}}}},"branchMap":{"0":{"loc":{"start":{"line":11,"column":12},"end":{"line":11,"column":23}},"type":"binary-expr","locations":[{"start":{"line":11,"column":12},"end":{"line":11,"column":23}},{"start":{"line":11,"column":12},"end":{"line":11,"column":null}}]},"1":{"loc":{"start":{"line":19,"column":66},"end":{"line":19,"column":71}},"type":"default-arg","locations":[{"start":{"line":19,"column":66},"end":{"line":19,"column":71}}]},"2":{"loc":{"start":{"line":28,"column":57},"end":{"line":28,"column":64}},"type":"binary-expr","locations":[{"start":{"line":28,"column":57},"end":{"line":28,"column":64}},{"start":{"line":28,"column":69},"end":{"line":28,"column":108}}]},"3":{"loc":{"start":{"line":28,"column":78},"end":{"line":28,"column":93}},"type":"cond-expr","locations":[{"start":{"line":28,"column":78},"end":{"line":28,"column":93}},{"start":{"line":28,"column":96},"end":{"line":28,"column":108}}]},"4":{"loc":{"start":{"line":57,"column":8},"end":{"line":59,"column":null}},"type":"if","locations":[{"start":{"line":57,"column":8},"end":{"line":59,"column":null}},{"start":{"line":57,"column":8},"end":{"line":59,"column":null}}]},"5":{"loc":{"start":{"line":57,"column":12},"end":{"line":57,"column":15}},"type":"binary-expr","locations":[{"start":{"line":57,"column":12},"end":{"line":57,"column":15}},{"start":{"line":57,"column":19},"end":{"line":57,"column":27}},{"start":{"line":57,"column":31},"end":{"line":57,"column":52}}]},"6":{"loc":{"start":{"line":66,"column":77},"end":{"line":66,"column":81}},"type":"default-arg","locations":[{"start":{"line":66,"column":77},"end":{"line":66,"column":81}}]},"7":{"loc":{"start":{"line":70,"column":6},"end":{"line":72,"column":null}},"type":"if","locations":[{"start":{"line":70,"column":6},"end":{"line":72,"column":null}},{"start":{"line":70,"column":6},"end":{"line":72,"column":null}}]},"8":{"loc":{"start":{"line":83,"column":4},"end":{"line":85,"column":null}},"type":"if","locations":[{"start":{"line":83,"column":4},"end":{"line":85,"column":null}},{"start":{"line":83,"column":4},"end":{"line":85,"column":null}}]},"9":{"loc":{"start":{"line":88,"column":6},"end":{"line":89,"column":56}},"type":"switch","locations":[{"start":{"line":88,"column":6},"end":{"line":89,"column":56}},{"start":{"line":90,"column":6},"end":{"line":91,"column":56}}]}},"s":{"0":3,"1":3,"2":3,"3":3,"4":3,"5":3,"6":3,"7":3,"8":3,"9":4,"10":4,"11":1,"12":1,"13":1,"14":1,"15":1,"16":1,"17":8,"18":8,"19":8,"20":3,"21":5,"22":7,"23":7,"24":7,"25":6,"26":7,"27":6,"28":3,"29":1,"30":2,"31":1,"32":1,"33":3,"34":3},"f":{"0":3,"1":4,"2":1,"3":1,"4":1,"5":8,"6":8,"7":8,"8":7,"9":7,"10":6,"11":3},"b":{"0":[3,3],"1":[1],"2":[4,3],"3":[1,2],"4":[3,5],"5":[8,6,6],"6":[1],"7":[6,1],"8":[1,2],"9":[1,1]}}
,"/home/david/Documents/WA Project/waproject-base-api/src/modules/common/services/mail/index.ts": {"path":"/home/david/Documents/WA Project/waproject-base-api/src/modules/common/services/mail/index.ts","statementMap":{"0":{"start":{"line":1,"column":0},"end":{"line":1,"column":44}},"1":{"start":{"line":2,"column":0},"end":{"line":2,"column":35}},"2":{"start":{"line":3,"column":0},"end":{"line":3,"column":27}},"3":{"start":{"line":4,"column":0},"end":{"line":4,"column":64}},"4":{"start":{"line":6,"column":0},"end":{"line":6,"column":36}},"5":{"start":{"line":7,"column":0},"end":{"line":7,"column":62}},"6":{"start":{"line":20,"column":0},"end":{"line":51,"column":null}},"7":{"start":{"line":23,"column":22},"end":{"line":23,"column":34}},"8":{"start":{"line":24,"column":4},"end":{"line":24,"column":39}},"9":{"start":{"line":28,"column":4},"end":{"line":28,"column":42}},"10":{"start":{"line":30,"column":17},"end":{"line":30,"column":58}},"11":{"start":{"line":31,"column":24},"end":{"line":31,"column":72}},"12":{"start":{"line":38,"column":17},"end":{"line":41,"column":6}},"13":{"start":{"line":43,"column":4},"end":{"line":43,"column":72}},"14":{"start":{"line":47,"column":4},"end":{"line":47,"column":42}},"15":{"start":{"line":48,"column":4},"end":{"line":48,"column":48}},"16":{"start":{"line":49,"column":4},"end":{"line":49,"column":16}},"17":{"start":{"line":20,"column":13},"end":{"line":51,"column":null}},"18":{"start":{"line":20,"column":13},"end":{"line":20,"column":24}}},"fnMap":{"0":{"name":"(anonymous_0)","decl":{"start":{"line":23,"column":2},"end":{"line":23,"column":22}},"loc":{"start":{"line":23,"column":44},"end":{"line":25,"column":3}}},"1":{"name":"(anonymous_1)","decl":{"start":{"line":27,"column":9},"end":{"line":27,"column":14}},"loc":{"start":{"line":27,"column":76},"end":{"line":35,"column":3}}},"2":{"name":"(anonymous_2)","decl":{"start":{"line":37,"column":10},"end":{"line":37,"column":15}},"loc":{"start":{"line":37,"column":58},"end":{"line":44,"column":3}}},"3":{"name":"(anonymous_3)","decl":{"start":{"line":46,"column":10},"end":{"line":46,"column":29}},"loc":{"start":{"line":46,"column":39},"end":{"line":50,"column":3}}}},"branchMap":{"0":{"loc":{"start":{"line":43,"column":34},"end":{"line":43,"column":56}},"type":"binary-expr","locations":[{"start":{"line":43,"column":34},"end":{"line":43,"column":56}},{"start":{"line":43,"column":60},"end":{"line":43,"column":68}}]}},"s":{"0":3,"1":3,"2":3,"3":3,"4":3,"5":3,"6":3,"7":23,"8":23,"9":1,"10":1,"11":1,"12":1,"13":1,"14":1,"15":1,"16":1,"17":3,"18":3},"f":{"0":23,"1":1,"2":1,"3":1},"b":{"0":[1,1]}}
}
