TN:
SF:/home/david/Documents/WA Project/waproject-base-api/src/modules/admin/services/auth.ts
FN:14,(anonymous_0)
FN:22,(anonymous_1)
FN:32,(anonymous_2)
FN:42,(anonymous_3)
FN:53,(anonymous_4)
FNF:5
FNH:5
FNDA:9,(anonymous_0)
FNDA:3,(anonymous_1)
FNDA:2,(anonymous_2)
FNDA:2,(anonymous_3)
FNDA:2,(anonymous_4)
DA:1,1
DA:4,1
DA:5,1
DA:6,1
DA:7,1
DA:10,1
DA:13,1
DA:15,9
DA:16,9
DA:17,9
DA:18,9
DA:19,9
DA:23,3
DA:24,3
DA:26,2
DA:27,2
DA:29,1
DA:33,2
DA:35,2
DA:36,2
DA:38,1
DA:39,1
DA:43,2
DA:44,2
DA:46,1
DA:47,1
DA:54,2
DA:55,2
DA:57,2
DA:58,1
DA:60,1
LF:31
LH:31
BRDA:24,0,0,1
BRDA:24,0,1,2
BRDA:27,1,0,1
BRDA:27,1,1,1
BRDA:36,2,0,1
BRDA:36,2,1,1
BRDA:44,3,0,1
BRDA:44,3,1,1
BRDA:57,4,0,1
BRDA:57,4,1,1
BRF:10
BRH:10
end_of_record
TN:
SF:/home/david/Documents/WA Project/waproject-base-api/src/modules/admin/services/user.ts
FN:12,(anonymous_0)
FN:18,(anonymous_1)
FN:27,(anonymous_2)
FN:35,(anonymous_3)
FN:53,(anonymous_4)
FN:66,(anonymous_5)
FNF:6
FNH:6
FNDA:13,(anonymous_0)
FNDA:9,(anonymous_1)
FNDA:7,(anonymous_2)
FNDA:4,(anonymous_3)
FNDA:2,(anonymous_4)
FNDA:4,(anonymous_5)
DA:1,1
DA:3,1
DA:4,1
DA:5,1
DA:8,1
DA:11,1
DA:13,13
DA:14,13
DA:15,13
DA:19,9
DA:20,1
DA:23,8
DA:24,1
DA:27,7
DA:28,1
DA:31,6
DA:32,2
DA:36,4
DA:38,4
DA:39,1
DA:42,3
DA:43,1
DA:46,2
DA:47,1
DA:50,1
DA:54,2
DA:55,2
DA:57,1
DA:58,1
DA:60,1
DA:61,1
DA:63,1
DA:67,4
DA:68,4
DA:70,3
DA:72,3
DA:73,2
DA:75,1
LF:38
LH:38
BRDA:19,0,0,1
BRDA:19,0,1,8
BRDA:19,1,0,9
BRDA:19,1,1,9
BRDA:23,2,0,1
BRDA:23,2,1,7
BRDA:27,3,0,1
BRDA:27,3,1,6
BRDA:31,4,0,4
BRDA:31,4,1,2
BRDA:38,5,0,1
BRDA:38,5,1,3
BRDA:42,6,0,1
BRDA:42,6,1,2
BRDA:46,7,0,1
BRDA:46,7,1,1
BRDA:55,8,0,1
BRDA:55,8,1,1
BRDA:68,9,0,1
BRDA:68,9,1,3
BRDA:72,10,0,1
BRDA:72,10,1,2
BRDA:73,11,0,1
BRDA:73,11,1,1
BRF:24
BRH:24
end_of_record
TN:
SF:/home/david/Documents/WA Project/waproject-base-api/src/modules/app/services/auth.ts
FN:15,(anonymous_0)
FN:22,(anonymous_1)
FN:47,(anonymous_2)
FN:56,(anonymous_3)
FN:71,(anonymous_4)
FN:89,(anonymous_5)
FNF:6
FNH:4
FNDA:7,(anonymous_0)
FNDA:4,(anonymous_1)
FNDA:3,(anonymous_2)
FNDA:0,(anonymous_3)
FNDA:0,(anonymous_4)
FNDA:2,(anonymous_5)
DA:1,1
DA:3,1
DA:4,1
DA:7,1
DA:9,1
DA:10,1
DA:14,1
DA:16,7
DA:17,7
DA:18,7
DA:19,7
DA:23,4
DA:24,4
DA:26,3
DA:27,3
DA:29,2
DA:31,2
DA:36,2
DA:44,2
DA:48,3
DA:50,3
DA:51,2
DA:53,1
DA:57,0
DA:58,0
DA:60,0
DA:62,0
DA:63,0
DA:65,0
DA:66,0
DA:68,0
DA:72,0
DA:74,0
DA:75,0
DA:78,0
DA:79,0
DA:82,0
DA:83,0
DA:86,0
DA:90,2
DA:92,2
DA:93,1
DA:96,1
LF:43
LH:27
BRDA:24,0,0,1
BRDA:24,0,1,3
BRDA:27,1,0,1
BRDA:27,1,1,2
BRDA:50,2,0,1
BRDA:50,2,1,2
BRDA:51,3,0,1
BRDA:51,3,1,1
BRDA:58,4,0,0
BRDA:58,4,1,0
BRDA:62,5,0,0
BRDA:62,5,1,0
BRDA:63,6,0,0
BRDA:63,6,1,0
BRDA:66,7,0,0
BRDA:66,7,1,0
BRDA:74,8,0,0
BRDA:74,8,1,0
BRDA:78,9,0,0
BRDA:78,9,1,0
BRDA:78,10,0,0
BRDA:78,10,1,0
BRDA:82,11,0,0
BRDA:82,11,1,0
BRDA:82,12,0,0
BRDA:82,12,1,0
BRDA:92,13,0,1
BRDA:92,13,1,1
BRF:28
BRH:10
end_of_record
TN:
SF:/home/david/Documents/WA Project/waproject-base-api/src/modules/app/services/order.ts
FN:14,(anonymous_0)
FN:20,(anonymous_1)
FN:23,(anonymous_2)
FN:30,(anonymous_3)
FN:31,(anonymous_4)
FN:39,(anonymous_5)
FN:40,(anonymous_6)
FN:48,(anonymous_7)
FN:60,(anonymous_8)
FN:68,(anonymous_9)
FN:69,(anonymous_10)
FN:70,(anonymous_11)
FN:74,(anonymous_12)
FN:75,(anonymous_13)
FN:76,(anonymous_14)
FN:79,(anonymous_15)
FN:80,(anonymous_16)
FN:87,(anonymous_17)
FN:88,(anonymous_18)
FNF:19
FNH:17
FNDA:3,(anonymous_0)
FNDA:3,(anonymous_1)
FNDA:3,(anonymous_2)
FNDA:1,(anonymous_3)
FNDA:1,(anonymous_4)
FNDA:1,(anonymous_5)
FNDA:0,(anonymous_6)
FNDA:1,(anonymous_7)
FNDA:1,(anonymous_8)
FNDA:1,(anonymous_9)
FNDA:0,(anonymous_10)
FNDA:1,(anonymous_11)
FNDA:2,(anonymous_12)
FNDA:2,(anonymous_13)
FNDA:2,(anonymous_14)
FNDA:1,(anonymous_15)
FNDA:1,(anonymous_16)
FNDA:1,(anonymous_17)
FNDA:1,(anonymous_18)
DA:1,1
DA:6,1
DA:7,1
DA:8,1
DA:12,1
DA:15,3
DA:16,3
DA:17,3
DA:23,3
DA:24,3
DA:27,3
DA:28,1
DA:29,1
DA:30,1
DA:31,1
DA:32,1
DA:36,2
DA:37,2
DA:38,1
DA:39,1
DA:40,0
DA:41,1
DA:43,1
DA:47,1
DA:48,1
DA:51,1
DA:54,1
DA:57,1
DA:60,1
DA:61,1
DA:62,1
DA:65,1
DA:69,1
DA:70,1
DA:71,1
DA:75,2
DA:76,2
DA:80,1
DA:81,1
DA:82,1
DA:83,1
DA:88,1
DA:89,1
DA:90,1
DA:92,1
LF:45
LH:44
BRDA:27,0,0,1
BRDA:27,0,1,2
BRDA:31,1,0,1
BRDA:31,1,1,0
BRDA:31,1,2,1
BRDA:37,2,0,1
BRDA:37,2,1,1
BRDA:89,3,0,1
BRDA:89,3,1,0
BRF:9
BRH:7
end_of_record
TN:
SF:/home/david/Documents/WA Project/waproject-base-api/src/modules/app/services/user.ts
FN:10,(anonymous_0)
FN:12,(anonymous_1)
FNF:2
FNH:0
FNDA:0,(anonymous_0)
FNDA:0,(anonymous_1)
DA:1,0
DA:6,0
DA:9,0
DA:10,0
DA:13,0
DA:15,0
DA:17,0
DA:18,0
DA:19,0
DA:22,0
LF:10
LH:0
BRDA:17,0,0,0
BRDA:17,0,1,0
BRDA:19,1,0,0
BRDA:19,1,1,0
BRF:4
BRH:0
end_of_record
TN:
SF:/home/david/Documents/WA Project/waproject-base-api/src/modules/common/services/password.ts
FN:8,(anonymous_0)
FN:13,(anonymous_1)
FN:17,(anonymous_2)
FNF:3
FNH:3
FNDA:3,(anonymous_0)
FNDA:4,(anonymous_1)
FNDA:1,(anonymous_2)
DA:1,4
DA:2,4
DA:3,4
DA:4,4
DA:7,4
DA:9,3
DA:10,3
DA:14,4
DA:18,1
DA:19,1
DA:21,1
LF:11
LH:11
BRF:0
BRH:0
end_of_record
TN:
SF:/home/david/Documents/WA Project/waproject-base-api/src/modules/common/services/token.ts
FN:11,(anonymous_0)
FN:19,(anonymous_1)
FN:31,(anonymous_2)
FN:36,(anonymous_3)
FN:41,(anonymous_4)
FN:54,(anonymous_5)
FN:55,(anonymous_6)
FN:56,(anonymous_7)
FN:66,(anonymous_8)
FN:67,(anonymous_9)
FN:78,(anonymous_10)
FN:82,(anonymous_11)
FNF:12
FNH:12
FNDA:3,(anonymous_0)
FNDA:4,(anonymous_1)
FNDA:1,(anonymous_2)
FNDA:1,(anonymous_3)
FNDA:1,(anonymous_4)
FNDA:8,(anonymous_5)
FNDA:8,(anonymous_6)
FNDA:8,(anonymous_7)
FNDA:7,(anonymous_8)
FNDA:7,(anonymous_9)
FNDA:6,(anonymous_10)
FNDA:3,(anonymous_11)
DA:1,3
DA:2,3
DA:3,3
DA:5,3
DA:11,3
DA:12,3
DA:13,3
DA:14,3
DA:18,3
DA:20,4
DA:28,4
DA:32,1
DA:33,1
DA:37,1
DA:38,1
DA:42,1
DA:48,1
DA:55,8
DA:56,8
DA:57,8
DA:58,3
DA:61,5
DA:67,7
DA:68,7
DA:70,7
DA:71,6
DA:74,7
DA:79,6
DA:83,3
DA:84,1
DA:87,2
DA:89,1
DA:91,1
LF:33
LH:33
BRDA:11,0,0,3
BRDA:11,0,1,3
BRDA:19,1,0,1
BRDA:28,2,0,4
BRDA:28,2,1,3
BRDA:28,3,0,1
BRDA:28,3,1,2
BRDA:57,4,0,3
BRDA:57,4,1,5
BRDA:57,5,0,8
BRDA:57,5,1,6
BRDA:57,5,2,6
BRDA:66,6,0,1
BRDA:70,7,0,6
BRDA:70,7,1,1
BRDA:83,8,0,1
BRDA:83,8,1,2
BRDA:88,9,0,1
BRDA:88,9,1,1
BRF:19
BRH:19
end_of_record
TN:
SF:/home/david/Documents/WA Project/waproject-base-api/src/modules/common/services/mail/index.ts
FN:23,(anonymous_0)
FN:27,(anonymous_1)
FN:37,(anonymous_2)
FN:46,(anonymous_3)
FNF:4
FNH:4
FNDA:23,(anonymous_0)
FNDA:1,(anonymous_1)
FNDA:1,(anonymous_2)
FNDA:1,(anonymous_3)
DA:1,3
DA:2,3
DA:3,3
DA:4,3
DA:6,3
DA:7,3
DA:20,3
DA:23,23
DA:24,23
DA:28,1
DA:30,1
DA:31,1
DA:38,1
DA:43,1
DA:47,1
DA:48,1
DA:49,1
LF:17
LH:17
BRDA:43,0,0,1
BRDA:43,0,1,1
BRF:2
BRH:2
end_of_record
